<?xml version="1.0" encoding="UTF-8"?>
<testng-results skipped="0" failed="0" ignored="0" total="1" passed="1">
  <reporter-output>
  </reporter-output>
  <suite name="fr.zenity.appium.runner.TestRunner" duration-ms="674" started-at="2022-01-12T16:17:53 CET" finished-at="2022-01-12T16:17:53 CET">
    <groups>
      <group name="cucumber">
        <method signature="AbstractTestNGCucumberTests.runScenario(io.cucumber.testng.PickleWrapper,io.cucumber.testng.FeatureWrapper)[pri:0, instance:fr.zenity.appium.runner.TestRunner@32d2fa64]" name="runScenario" class="io.cucumber.testng.AbstractTestNGCucumberTests"/>
      </group> <!-- cucumber -->
    </groups>
    <test name="Command line test" duration-ms="674" started-at="2022-01-12T16:17:53 CET" finished-at="2022-01-12T16:17:53 CET">
      <class name="fr.zenity.appium.runner.TestRunner">
        <test-method status="PASS" signature="setUpClass()[pri:0, instance:fr.zenity.appium.runner.TestRunner@32d2fa64]" name="setUpClass" is-config="true" duration-ms="379" started-at="2022-01-12T16:17:53 CET" finished-at="2022-01-12T16:17:53 CET">
          <reporter-output>
          </reporter-output>
        </test-method> <!-- setUpClass -->
        <test-method status="PASS" signature="runScenario(io.cucumber.testng.PickleWrapper,io.cucumber.testng.FeatureWrapper)[pri:0, instance:fr.zenity.appium.runner.TestRunner@32d2fa64]" name="runScenario" duration-ms="116" started-at="2022-01-12T16:17:53 CET" description="Runs Cucumber Scenarios" data-provider="scenarios" finished-at="2022-01-12T16:17:53 CET">
          <params>
            <param index="0">
              <value>
                <![CDATA["Login scenario"]]>
              </value>
            </param>
            <param index="1">
              <value>
                <![CDATA["Optional[As a user I want to login to my account]"]]>
              </value>
            </param>
          </params>
          <reporter-output>
          </reporter-output>
        </test-method> <!-- runScenario -->
        <test-method status="PASS" signature="tearDownClass()[pri:0, instance:fr.zenity.appium.runner.TestRunner@32d2fa64]" name="tearDownClass" is-config="true" duration-ms="156" started-at="2022-01-12T16:17:53 CET" finished-at="2022-01-12T16:17:53 CET">
          <reporter-output>
          </reporter-output>
        </test-method> <!-- tearDownClass -->
      </class> <!-- fr.zenity.appium.runner.TestRunner -->
    </test> <!-- Command line test -->
  </suite> <!-- fr.zenity.appium.runner.TestRunner -->
</testng-results>
